<?xml version="1.0" encoding="UTF-8"?>
<!-- Generated by org.testng.reporters.JUnitReportReporter -->
<testsuite skipped="0" hostname="LAPTOP-ORI8JR52" name="com.game.tv.test.GameTvTest" tests="1" failures="0" timestamp="28 Jan 2021 15:30:40 GMT" time="79.379" errors="0">
  <testcase name="createList" time="79.379" classname="com.game.tv.test.GameTvTest"/>
</testsuite> <!-- com.game.tv.test.GameTvTest -->
